INFO:root:load data
INFO:root:seller data loaded.
INFO:root:buyer data loaded.
INFO:root:TPS_C=6637, NO=OK:300 Thread_num:200 TOTAL:300 LATENCY:0.017986872990926106 , P=OK:100 Thread_num:100 TOTAL:100 LATENCY:0.018216288089752196
INFO:root:TPS_C=9478, NO=OK:600 Thread_num:300 TOTAL:600 LATENCY:0.017945785522460938 , P=OK:300 Thread_num:200 TOTAL:300 LATENCY:0.01827326774597168
INFO:root:TPS_C=12347, NO=OK:1000 Thread_num:400 TOTAL:1000 LATENCY:0.017783658504486086 , P=OK:600 Thread_num:300 TOTAL:600 LATENCY:0.01826533635457357
INFO:root:TPS_C=15232, NO=OK:1500 Thread_num:500 TOTAL:1500 LATENCY:0.017656042098999025 , P=OK:1000 Thread_num:400 TOTAL:1000 LATENCY:0.018202636957168578
INFO:root:TPS_C=18134, NO=OK:2100 Thread_num:600 TOTAL:2100 LATENCY:0.017507384845188687 , P=OK:1500 Thread_num:500 TOTAL:1500 LATENCY:0.018175920009613038
INFO:root:TPS_C=20999, NO=OK:2800 Thread_num:700 TOTAL:2800 LATENCY:0.0174591121503285 , P=OK:2100 Thread_num:600 TOTAL:2100 LATENCY:0.018142884572347005
INFO:root:TPS_C=23823, NO=OK:3600 Thread_num:800 TOTAL:3600 LATENCY:0.017406800587972004 , P=OK:2800 Thread_num:700 TOTAL:2800 LATENCY:0.018195935828345163
INFO:root:TPS_C=26660, NO=OK:4500 Thread_num:900 TOTAL:4500 LATENCY:0.017348611142900254 , P=OK:3600 Thread_num:800 TOTAL:3600 LATENCY:0.018231997357474432
INFO:root:TPS_C=29501, NO=OK:5500 Thread_num:1000 TOTAL:5500 LATENCY:0.017307293371720746 , P=OK:4500 Thread_num:900 TOTAL:4500 LATENCY:0.018248612562815347
ERROR:root:no such table: hisory_order
ERROR:be.serve:Exception on /buyer/search [POST]
Traceback (most recent call last):
  File "D:\tools\Python\anaconda3\envs\ds\lib\site-packages\flask\app.py", line 2051, in wsgi_app
    response = self.full_dispatch_request()
  File "D:\tools\Python\anaconda3\envs\ds\lib\site-packages\flask\app.py", line 1501, in full_dispatch_request
    rv = self.handle_user_exception(e)
  File "D:\tools\Python\anaconda3\envs\ds\lib\site-packages\flask\app.py", line 1499, in full_dispatch_request
    rv = self.dispatch_request()
  File "D:\tools\Python\anaconda3\envs\ds\lib\site-packages\flask\app.py", line 1485, in dispatch_request
    return self.ensure_sync(self.view_functions[rule.endpoint])(**req.view_args)
  File "D:\wuwen\ECNU\大二下\数据库\大作业\book_store\be\view\buyer.py", line 69, in search
    return jsonify({'message':message,'bids':jsonify(bids)}),code
  File "D:\tools\Python\anaconda3\envs\ds\lib\site-packages\flask\json\__init__.py", line 348, in jsonify
    f"{dumps(data, indent=indent, separators=separators)}\n",
  File "D:\tools\Python\anaconda3\envs\ds\lib\site-packages\flask\json\__init__.py", line 129, in dumps
    rv = _json.dumps(obj, **kwargs)
  File "D:\tools\Python\anaconda3\envs\ds\lib\json\__init__.py", line 238, in dumps
    **kw).encode(obj)
  File "D:\tools\Python\anaconda3\envs\ds\lib\json\encoder.py", line 199, in encode
    chunks = self.iterencode(o, _one_shot=True)
  File "D:\tools\Python\anaconda3\envs\ds\lib\json\encoder.py", line 257, in iterencode
    return _iterencode(o, 0)
  File "D:\tools\Python\anaconda3\envs\ds\lib\site-packages\flask\json\__init__.py", line 56, in default
    return super().default(o)
  File "D:\tools\Python\anaconda3\envs\ds\lib\json\encoder.py", line 179, in default
    raise TypeError(f'Object of type {o.__class__.__name__} '
TypeError: Object of type Response is not JSON serializable
ERROR:be.serve:Exception on /buyer/search [POST]
Traceback (most recent call last):
  File "D:\tools\Python\anaconda3\envs\ds\lib\site-packages\flask\app.py", line 2051, in wsgi_app
    response = self.full_dispatch_request()
  File "D:\tools\Python\anaconda3\envs\ds\lib\site-packages\flask\app.py", line 1501, in full_dispatch_request
    rv = self.handle_user_exception(e)
  File "D:\tools\Python\anaconda3\envs\ds\lib\site-packages\flask\app.py", line 1499, in full_dispatch_request
    rv = self.dispatch_request()
  File "D:\tools\Python\anaconda3\envs\ds\lib\site-packages\flask\app.py", line 1485, in dispatch_request
    return self.ensure_sync(self.view_functions[rule.endpoint])(**req.view_args)
  File "D:\wuwen\ECNU\大二下\数据库\大作业\book_store\be\view\buyer.py", line 69, in search
    return jsonify({'message':message,'bids':jsonify(bids)}),code
  File "D:\tools\Python\anaconda3\envs\ds\lib\site-packages\flask\json\__init__.py", line 348, in jsonify
    f"{dumps(data, indent=indent, separators=separators)}\n",
  File "D:\tools\Python\anaconda3\envs\ds\lib\site-packages\flask\json\__init__.py", line 129, in dumps
    rv = _json.dumps(obj, **kwargs)
  File "D:\tools\Python\anaconda3\envs\ds\lib\json\__init__.py", line 238, in dumps
    **kw).encode(obj)
  File "D:\tools\Python\anaconda3\envs\ds\lib\json\encoder.py", line 199, in encode
    chunks = self.iterencode(o, _one_shot=True)
  File "D:\tools\Python\anaconda3\envs\ds\lib\json\encoder.py", line 257, in iterencode
    return _iterencode(o, 0)
  File "D:\tools\Python\anaconda3\envs\ds\lib\site-packages\flask\json\__init__.py", line 56, in default
    return super().default(o)
  File "D:\tools\Python\anaconda3\envs\ds\lib\json\encoder.py", line 179, in default
    raise TypeError(f'Object of type {o.__class__.__name__} '
TypeError: Object of type Response is not JSON serializable
ERROR:be.serve:Exception on /buyer/search [POST]
Traceback (most recent call last):
  File "D:\tools\Python\anaconda3\envs\ds\lib\site-packages\flask\app.py", line 2051, in wsgi_app
    response = self.full_dispatch_request()
  File "D:\tools\Python\anaconda3\envs\ds\lib\site-packages\flask\app.py", line 1501, in full_dispatch_request
    rv = self.handle_user_exception(e)
  File "D:\tools\Python\anaconda3\envs\ds\lib\site-packages\flask\app.py", line 1499, in full_dispatch_request
    rv = self.dispatch_request()
  File "D:\tools\Python\anaconda3\envs\ds\lib\site-packages\flask\app.py", line 1485, in dispatch_request
    return self.ensure_sync(self.view_functions[rule.endpoint])(**req.view_args)
  File "D:\wuwen\ECNU\大二下\数据库\大作业\book_store\be\view\buyer.py", line 68, in search
    code,message,bids=b.search(keyword,content,store_id)
ValueError: not enough values to unpack (expected 3, got 2)
INFO:root:1
INFO:root:2
ERROR:be.serve:Exception on /buyer/search [POST]
Traceback (most recent call last):
  File "D:\tools\Python\anaconda3\envs\ds\lib\site-packages\flask\app.py", line 2051, in wsgi_app
    response = self.full_dispatch_request()
  File "D:\tools\Python\anaconda3\envs\ds\lib\site-packages\flask\app.py", line 1501, in full_dispatch_request
    rv = self.handle_user_exception(e)
  File "D:\tools\Python\anaconda3\envs\ds\lib\site-packages\flask\app.py", line 1499, in full_dispatch_request
    rv = self.dispatch_request()
  File "D:\tools\Python\anaconda3\envs\ds\lib\site-packages\flask\app.py", line 1485, in dispatch_request
    return self.ensure_sync(self.view_functions[rule.endpoint])(**req.view_args)
  File "D:\wuwen\ECNU\大二下\数据库\大作业\book_store\be\view\buyer.py", line 68, in search
    code,message,bids=b.search(keyword,content,store_id)
ValueError: not enough values to unpack (expected 3, got 2)
INFO:root:1
INFO:root:1
INFO:root:滚滚红尘
INFO:root:1
INFO:root:温柔的夜
INFO:root:1
INFO:root:GUI设计禁忌2.0
INFO:root:1
INFO:root:哈利波特完整系列
INFO:root:1
INFO:root:我的宝贝
INFO:root:2
INFO:root:撒哈拉的故事
INFO:root:1
INFO:root:撒哈拉的故事
INFO:root:1
INFO:root:罪恶生涯
INFO:root:1
INFO:root:三毛流浪记（彩图注音读物）
ERROR:be.serve:Exception on /buyer/search [POST]
Traceback (most recent call last):
  File "D:\tools\Python\anaconda3\envs\ds\lib\site-packages\flask\app.py", line 2051, in wsgi_app
    response = self.full_dispatch_request()
  File "D:\tools\Python\anaconda3\envs\ds\lib\site-packages\flask\app.py", line 1501, in full_dispatch_request
    rv = self.handle_user_exception(e)
  File "D:\tools\Python\anaconda3\envs\ds\lib\site-packages\flask\app.py", line 1499, in full_dispatch_request
    rv = self.dispatch_request()
  File "D:\tools\Python\anaconda3\envs\ds\lib\site-packages\flask\app.py", line 1485, in dispatch_request
    return self.ensure_sync(self.view_functions[rule.endpoint])(**req.view_args)
  File "D:\wuwen\ECNU\大二下\数据库\大作业\book_store\be\view\buyer.py", line 68, in search
    code,message,bids=b.search(keyword,content,store_id)
ValueError: not enough values to unpack (expected 3, got 2)
INFO:root:1
INFO:root:Harry Potter and the Half-Blood Prince
INFO:root:1
INFO:root:BLUE LOCK{色Oz: EPISODE M 1
INFO:root:6
INFO:root:蚕
INFO:root:7
INFO:root:蚕
ERROR:be.serve:Exception on /buyer/search [POST]
Traceback (most recent call last):
  File "D:\tools\Python\anaconda3\envs\ds\lib\site-packages\flask\app.py", line 2051, in wsgi_app
    response = self.full_dispatch_request()
  File "D:\tools\Python\anaconda3\envs\ds\lib\site-packages\flask\app.py", line 1501, in full_dispatch_request
    rv = self.handle_user_exception(e)
  File "D:\tools\Python\anaconda3\envs\ds\lib\site-packages\flask\app.py", line 1499, in full_dispatch_request
    rv = self.dispatch_request()
  File "D:\tools\Python\anaconda3\envs\ds\lib\site-packages\flask\app.py", line 1485, in dispatch_request
    return self.ensure_sync(self.view_functions[rule.endpoint])(**req.view_args)
  File "D:\wuwen\ECNU\大二下\数据库\大作业\book_store\be\view\buyer.py", line 68, in search
    code,message,bids=b.search(keyword,content,store_id)
ValueError: not enough values to unpack (expected 3, got 2)
INFO:root:1
INFO:root:集创思维设计矩阵
INFO:root:Understanding Your Users
INFO:root:1
INFO:root:地下城与勇士（1）
ERROR:be.serve:Exception on /buyer/search [POST]
Traceback (most recent call last):
  File "D:\tools\Python\anaconda3\envs\ds\lib\site-packages\flask\app.py", line 2051, in wsgi_app
    response = self.full_dispatch_request()
  File "D:\tools\Python\anaconda3\envs\ds\lib\site-packages\flask\app.py", line 1501, in full_dispatch_request
    rv = self.handle_user_exception(e)
  File "D:\tools\Python\anaconda3\envs\ds\lib\site-packages\flask\app.py", line 1499, in full_dispatch_request
    rv = self.dispatch_request()
  File "D:\tools\Python\anaconda3\envs\ds\lib\site-packages\flask\app.py", line 1485, in dispatch_request
    return self.ensure_sync(self.view_functions[rule.endpoint])(**req.view_args)
  File "D:\wuwen\ECNU\大二下\数据库\大作业\book_store\be\view\buyer.py", line 68, in search
    code,message,bids=b.search(keyword,content,store_id)
ValueError: not enough values to unpack (expected 3, got 2)
INFO:root:简约至上
INFO:root:2
INFO:root:Wireshark网络分析就这么简单
INFO:root:神奇的魁地奇球
INFO:root:2
INFO:root:Java Web编程实战宝典
INFO:root:地下城与勇士（1）
INFO:root:2
INFO:root:哈利・波特与魔法石（纪念版）
INFO:root:一目了然
INFO:root:1
INFO:root:Unreal Engine 4蓝图完全学习教程
INFO:root:哈利・波特与魔法石
INFO:root:1
INFO:root:神奇的魁地奇球
INFO:root:528
INFO:root:Harry Potter and the Prisoner of Azkaban
INFO:root:1
INFO:root:花路
INFO:root:神奇的魁地奇球
INFO:root:select distinct book_id from store 
INFO:root:select distinct book_id from store 
INFO:root:select distinct book_id from store 
INFO:root:1
INFO:root:集创思维设计矩阵
INFO:root:select distinct book_id from store 
INFO:root:select distinct book_id from store  where store_id=test_search_store_id_c65f8454-f30d-11ee-be1b-4cd577f069e0
INFO:root:Harry Potter and the Goblet of Fire
INFO:root:select distinct book_id from store 
INFO:root:select distinct book_id from store 
INFO:root:select distinct book_id from store 
INFO:root:2
INFO:root:Harry Potter and the Prisoner of Azkaban
INFO:root:select distinct book_id from store 
INFO:root:select distinct book_id from store  where store_id='test_search_store_id_d71b07df-f30d-11ee-a026-4cd577f069e0'
INFO:root:select distinct book_id from store  where store_id='test_search_store_id_d700616c-f30d-11ee-b4c0-4cd577f069e0'
INFO:root:撒哈拉的故事
INFO:root:select distinct book_id from store 
INFO:root:select distinct book_id from store 
INFO:root:select distinct book_id from store 
INFO:root:1
INFO:root:三毛流浪记（彩图注音读物）
INFO:root:select distinct book_id from store 
INFO:root:no such column: wrong
INFO:root:select distinct book_id from store  where store_id='test_search_store_id_f31595e4-f30d-11ee-8e1e-4cd577f069e0'
INFO:root:select distinct book_id from store  where store_id='test_search_store_id_f2f55dce-f30d-11ee-b05b-4cd577f069e0'
INFO:root:地下城与勇士（1）
INFO:root:select distinct book_id from store 
INFO:root:select distinct book_id from store 
INFO:root:select distinct book_id from store 
INFO:root:2
INFO:root:Harry Potter and the Prisoner of Azkaban
INFO:root:select distinct book_id from store 
INFO:root:no such column: wrong
INFO:root:select distinct book_id from store  where store_id='test_search_store_id_1e4d1615-f30e-11ee-8f50-4cd577f069e0'
INFO:root:select distinct book_id from store  where store_id='test_search_store_id_1e3357a5-f30e-11ee-8044-4cd577f069e0'
INFO:root:哈利波特完整系列
INFO:root:select distinct book_id from store 
INFO:root:select distinct book_id from store 
INFO:root:select distinct book_id from store 
INFO:root:3
INFO:root:流星雨
INFO:root:select distinct book_id from store 
INFO:root:no such column: wrong
INFO:root:select distinct book_id from store  where store_id='test_search_store_id_37b9e14c-f30e-11ee-ad70-4cd577f069e0'
INFO:root:select distinct book_id from store  where store_id='test_search_store_id_37927a66-f30e-11ee-b6a4-4cd577f069e0'
INFO:root:[W
INFO:root:select distinct book_id from store 
INFO:root:select distinct book_id from store 
INFO:root:select distinct book_id from store 
INFO:root:1
INFO:root:我的灵魂骑在纸背上
INFO:root:select distinct book_id from store 
INFO:root:no such column: wrong
INFO:root:select distinct book_id from store  where store_id='test_search_store_id_444fc2bb-f30e-11ee-bd8d-4cd577f069e0'
INFO:root:select distinct book_id from store  where store_id='test_search_store_id_4440f423-f30e-11ee-b0d6-4cd577f069e0'
INFO:root:near ")": syntax error
INFO:root:Web API的设计与开发
INFO:root:select distinct book_id from store 
INFO:root:select id from book 
                where id in ('27054104', '27055156', '27167519', '30294602', '30308605') and title like '%Web API的设计与开发%'
INFO:root:select distinct book_id from store 
INFO:root:select id from book 
                where id in ('27054104', '27055156', '27167519', '30294602', '30308605', '35610506', '35768338', '35815898', '35863015', '36083713') and title like '%哈利・波特与魔法石_x%'
INFO:root:select distinct book_id from store 
INFO:root:select id from book 
                where id in ('27054104', '27055156', '27167519', '30294602', '30308605', '35610506', '35768338', '35815898', '35863015', '36083713', '30762121') and title like '%W%'
INFO:root:2
INFO:root:Web开发的身份和数据安全
INFO:root:select distinct book_id from store 
INFO:root:select id from book 
                where id in ('27054104', '27055156', '27167519', '30294602', '30308605', '35610506', '35768338', '35815898', '35863015', '36083713', '30762121', '27031824') and wrong like '%U%'
INFO:root:no such column: wrong
INFO:root:select distinct book_id from store  where store_id='test_search_store_id_6a4978b0-f30e-11ee-a966-4cd577f069e0'
INFO:root:select id from book 
                where id in ('36083713', '36291467', '36575754', '36780697', '3735576') and title like '%信息技术（拓展模块）――计算机与移动终端维护+小型网络系统搭建+信息安全保护%'
INFO:root:select distinct book_id from store  where store_id='test_search_store_id_6a36f35e-f30e-11ee-9972-4cd577f069e0'
INFO:root:select id from book 
                where id in ('33398314', '34802895') and title like '%信息技术（拓展模块）――计算机与移动终端维护+小型网络系统搭建+信息安全保护%'
INFO:root:Harry Potter and the Goblet of Fire
INFO:root:select distinct book_id from store 
INFO:root:select id from book 
                where id in ('26613320', '26631832', '26821023') and title like '%Harry Potter and the Goblet of Fire%'
INFO:root:select distinct book_id from store 
INFO:root:select id from book 
                where id in ('26613320', '26631832', '26821023', '26997307', '26999243', '27031824', '27054104') and title like '%流星雨_x%'
INFO:root:select distinct book_id from store 
INFO:root:select id from book 
                where id in ('26613320', '26631832', '26821023', '26997307', '26999243', '27031824', '27054104', '35228043', '35273228', '35582002') and title like '%伊%'
INFO:root:1
INFO:root:伊卡格
INFO:root:select distinct book_id from store 
INFO:root:select id from book 
                where id in ('26613320', '26631832', '26821023', '26997307', '26999243', '27031824', '27054104', '35228043', '35273228', '35582002', '4818690') and wrong like '%用%'
INFO:root:no such column: wrong
INFO:root:select distinct book_id from store  where store_id='test_search_store_id_d2aefa48-f30e-11ee-94a8-4cd577f069e0'
INFO:root:select id from book 
                where id in ('1471702', '1793267', '2070844') and title like '%万水千山走遍%'
INFO:root:select distinct book_id from store  where store_id='test_search_store_id_d296378e-f30e-11ee-9e13-4cd577f069e0'
INFO:root:select id from book 
                where id in ('35815898', '35863015', '36083713') and title like '%万水千山走遍%'
INFO:root:Web API的设计与开发
INFO:root:select distinct book_id from store 
INFO:root:select id from book 
                where id in ('27054104', '27055156', '27167519', '30294602', '30308605') and title like '%Web API的设计与开发%'
INFO:root:select distinct book_id from store 
INFO:root:select id from book 
                where id in ('27054104', '27055156', '27167519', '30294602', '30308605', '1471702', '1793267', '2070844', '2295163') and title like '%万水千山走遍_x%'
INFO:root:select distinct book_id from store 
INFO:root:select id from book 
                where id in ('27054104', '27055156', '27167519', '30294602', '30308605', '1471702', '1793267', '2070844', '2295163', '26126183', '26268767', '26352281') and title like '%哈%'
INFO:root:4
INFO:root:哈利・波特与魔法石（纪念版）
INFO:root:select distinct book_id from store 
INFO:root:select id from book 
                where id in ('27054104', '27055156', '27167519', '30294602', '30308605', '1471702', '1793267', '2070844', '2295163', '26126183', '26268767', '26352281', '26608213', '26613320', '26631832', '26821023', '26854188') and wrong like '%刹%'
INFO:root:no such column: wrong
INFO:root:select distinct book_id from store  where store_id='test_search_store_id_d9c6ae12-f30e-11ee-805e-4cd577f069e0'
INFO:root:select id from book 
                where id in ('26997273',) and title like '%我的宝贝%'
INFO:root:near ")": syntax error
INFO:root:哈利波特完整系列
INFO:root:select distinct book_id from store 
INFO:root:select id from book 
                where id in ('27167519', '30294602', '30308605') and title like '%哈利波特完整系列%'
INFO:root:select distinct book_id from store 
INFO:root:select id from book 
                where id in ('27167519', '30294602', '30308605', '26997048', '26997095') and title like '%撒哈拉的故事_x%'
INFO:root:select distinct book_id from store 
INFO:root:select id from book 
                where id in ('27167519', '30294602', '30308605', '26997048', '26997095', '35815898') and title like '%撒%'
INFO:root:2
INFO:root:撒哈拉的故事
INFO:root:select distinct book_id from store 
INFO:root:select id from book 
                where id in ('27167519', '30294602', '30308605', '26997048', '26997095', '35815898', '26821023') and wrong like '%H%'
INFO:root:no such column: wrong
INFO:root:select distinct book_id from store  where store_id='test_search_store_id_6e2dbfe3-f30f-11ee-b6b8-4cd577f069e0'
INFO:root:select id from book 
                where id in ('26126183', '26268767', '26352281', '26421123') and title like '%哈利・波特与魔法石（纪念版）%'
INFO:root:select distinct book_id from store  where store_id='test_search_store_id_6e0ca54f-f30f-11ee-a77d-4cd577f069e0'
INFO:root:select id from book 
                where id in ('35815898', '35863015', '36083713', '36291467', '36575754') and title like '%哈利・波特与魔法石（纪念版）%'
INFO:root:[W
INFO:root:select distinct book_id from store 
INFO:root:select id from book 
                where id in ('1382844', '1432596', '1471702', '1793267') and title like '%[W%'
INFO:root:select distinct book_id from store 
INFO:root:select id from book 
                where id in ('1382844', '1432596', '1471702', '1793267', '2070844', '2295163', '2297549', '2298856') and title like '%Understanding Your Users_x%'
INFO:root:select distinct book_id from store 
INFO:root:select id from book 
                where id in ('1382844', '1432596', '1471702', '1793267', '2070844', '2295163', '2297549', '2298856', '35768338', '35815898', '35863015') and title like '%V%'
INFO:root:1
INFO:root:Vue.js设计与实现
INFO:root:select distinct book_id from store 
INFO:root:select id from book 
                where id in ('1382844', '1432596', '1471702', '1793267', '2070844', '2295163', '2297549', '2298856', '35768338', '35815898', '35863015', '26997095') and wrong like '%温%'
INFO:root:no such column: wrong
INFO:root:select distinct book_id from store  where store_id='test_search_store_id_715880d1-f30f-11ee-9d67-4cd577f069e0'
INFO:root:select id from book 
                where id in ('4818690', '4886100', '5394309') and title like '%用户体验面面观%'
INFO:root:select distinct book_id from store  where store_id='test_search_store_id_7138e839-f30f-11ee-b13a-4cd577f069e0'
INFO:root:select id from book 
                where id in ('5394309', '6523997', '6558708', '6558709', '6710437') and title like '%用户体验面面观%'
INFO:root:哈利・波特与火焰杯
INFO:root:select distinct book_id from store 
INFO:root:select id from book 
                where id in (1009257) and title like '%哈利・波特与火焰杯%'
INFO:root:select distinct book_id from store 
INFO:root:select id from book 
                where id in ('1009257', '3735576', '4719162', '4818690') and title like '%我的宝贝_x%'
INFO:root:select distinct book_id from store 
INFO:root:select id from book 
                where id in ('1009257', '3735576', '4719162', '4818690', '4886100', '5394309', '6523997', '6558708', '6558709') and title like '%W%'
INFO:root:1
INFO:root:Web表单设计
INFO:root:select distinct book_id from store 
INFO:root:select id from book 
                where id in ('1009257', '3735576', '4719162', '4818690', '4886100', '5394309', '6523997', '6558708', '6558709', '3140670', '31870749', '3263946') and wrong like '%H%'
INFO:root:no such column: wrong
INFO:root:select distinct book_id from store  where store_id='test_search_store_id_77082ad5-f30f-11ee-a75d-4cd577f069e0'
INFO:root:select id from book 
                where id in ('1041007', '1060068') and title like '%哈利・波特与魔法石%'
INFO:root:select distinct book_id from store  where store_id='test_search_store_id_76f73aa7-f30f-11ee-b0a5-4cd577f069e0'
INFO:root:select id from book 
                where id in (35863015) and title like '%哈利・波特与魔法石%'
INFO:root:Harry Potter and the Goblet of Fire
INFO:root:select distinct book_id from store 
INFO:root:select id from book 
                where id in ('26613320', '26631832', '26821023', '26854188', '26887355') and title like '%Harry Potter and the Goblet of Fire%'
INFO:root:select distinct book_id from store 
INFO:root:select id from book 
                where id in ('26613320', '26631832', '26821023', '26854188', '26887355', '1432596', '1471702', '1793267', '2070844') and title like '%哈利・波特与混血王子_x%'
INFO:root:select distinct book_id from store 
INFO:root:select id from book 
                where id in ('26613320', '26631832', '26821023', '26854188', '26887355', '1432596', '1471702', '1793267', '2070844', '36780697', '3735576', '4719162', '4818690') and title like '%花%'
INFO:root:2
INFO:root:花路
INFO:root:select distinct book_id from store 
INFO:root:select id from book 
                where id in ('26613320', '26631832', '26821023', '26854188', '26887355', '1432596', '1471702', '1793267', '2070844', '36780697', '3735576', '4719162', '4818690', '2295163', '2297549', '2298856') and wrong like '%U%'
INFO:root:no such column: wrong
INFO:root:select distinct book_id from store  where store_id='test_search_store_id_79e19b92-f30f-11ee-9cb0-4cd577f069e0'
INFO:root:select id from book 
                where id in ('26268767', '26352281') and title like '%Wireshark网络分析就这么简单%'
INFO:root:select distinct book_id from store  where store_id='test_search_store_id_79ccef4e-f30f-11ee-9536-4cd577f069e0'
INFO:root:select id from book 
                where id in ('4818690', '4886100', '5394309') and title like '%Wireshark网络分析就这么简单%'
INFO:root:一目了然
INFO:root:select distinct book_id from store 
INFO:root:select id from book 
                where id in ('2298856', '24531956', '25744600', '25840545', '25858031') and title like '%一目了然%'
INFO:root:select distinct book_id from store 
INFO:root:select id from book 
                where id in ('2298856', '24531956', '25744600', '25840545', '25858031', '35815898', '35863015', '36083713', '36291467') and title like '%撒哈拉的故事_x%'
INFO:root:select distinct book_id from store 
INFO:root:select id from book 
                where id in ('2298856', '24531956', '25744600', '25840545', '25858031', '35815898', '35863015', '36083713', '36291467', '36575754') and title like '%信%'
INFO:root:1
INFO:root:信息技术（拓展模块）――计算机与移动终端维护+小型网络系统搭建+信息安全保护
INFO:root:select distinct book_id from store 
INFO:root:select id from book 
                where id in ('2298856', '24531956', '25744600', '25840545', '25858031', '35815898', '35863015', '36083713', '36291467', '36575754', '30308605') and wrong like '%W%'
INFO:root:no such column: wrong
INFO:root:select distinct book_id from store  where store_id='test_search_store_id_7c7ed5e7-f30f-11ee-b818-4cd577f069e0'
INFO:root:select id from book 
                where id in ('5394309', '6523997', '6558708', '6558709', '6710437') and title like '%简约至上%'
INFO:root:select distinct book_id from store  where store_id='test_search_store_id_7c6b9d94-f30f-11ee-9d06-4cd577f069e0'
INFO:root:select id from book 
                where id in ('1382844', '1432596', '1471702') and title like '%简约至上%'
INFO:root:人鱼引力
INFO:root:select distinct book_id from store 
INFO:root:select id from book 
                where id in ('36575754', '36780697', '3735576', '4719162', '4818690') and title like '%人鱼引力%'
INFO:root:select distinct book_id from store 
INFO:root:select id from book 
                where id in ('36575754', '36780697', '3735576', '4719162', '4818690', '26997278', '26997307') and title like '%滚滚红尘_x%'
INFO:root:select distinct book_id from store 
INFO:root:select id from book 
                where id in ('36575754', '36780697', '3735576', '4719162', '4818690', '26997278', '26997307', '4886100', '5394309', '6523997', '6558708', '6558709') and title like '%W%'
INFO:root:1
INFO:root:Web表单设计
INFO:root:select distinct book_id from store 
INFO:root:select id from book 
                where id in ('36575754', '36780697', '3735576', '4719162', '4818690', '26997278', '26997307', '4886100', '5394309', '6523997', '6558708', '6558709', '35815898', '35863015') and wrong like '%撒%'
INFO:root:no such column: wrong
INFO:root:select distinct book_id from store  where store_id='test_search_store_id_8aa386dc-f30f-11ee-84ed-4cd577f069e0'
INFO:root:select id from book 
                where id in (26821023) and title like '%Harry Potter and the Order of the Phoenix%'
INFO:root:select distinct book_id from store  where store_id='test_search_store_id_8a8975e3-f30f-11ee-a29b-4cd577f069e0'
INFO:root:select id from book 
                where id in ('35228043', '35273228', '35582002') and title like '%Harry Potter and the Order of the Phoenix%'
INFO:root:致命的白色
INFO:root:select distinct book_id from store 
INFO:root:select id from book 
                where id in ('34802895') and title like '%致命的白色%'
INFO:root:select distinct book_id from store 
INFO:root:select id from book 
                where id in ('34802895', '2070844') and title like '%梦里花落知多少_x%'
INFO:root:select distinct book_id from store 
INFO:root:select id from book 
                where id in ('34802895', '2070844', '1793267') and title like '%U%'
INFO:root:1
INFO:root:Understanding Your Users
INFO:root:select distinct book_id from store 
INFO:root:select id from book 
                where id in ('34802895', '2070844', '1793267', '25840545', '25858031', '26126183', '26268767') and wrong like '%布%'
INFO:root:no such column: wrong
INFO:root:select distinct book_id from store  where store_id='test_search_store_id_a2dee7c6-f30f-11ee-8527-4cd577f069e0'
INFO:root:select id from book 
                where id in ('26997307') and title like '%流星雨%'
INFO:root:select distinct book_id from store  where store_id='test_search_store_id_a2c654d5-f30f-11ee-8ff9-4cd577f069e0'
INFO:root:select id from book 
                where id in ('1382844', '1432596', '1471702', '1793267', '2070844') and title like '%流星雨%'
INFO:root:Web API的设计与开发
INFO:root:select distinct book_id from store 
INFO:root:select id from book 
                where id in ('27054104', '27055156', '27167519', '30294602') and title like '%Web API的设计与开发%'
INFO:root:select distinct book_id from store 
INFO:root:select id from book 
                where id in ('27054104', '27055156', '27167519', '30294602', '2295163', '2297549') and title like '%哈利・波特与死亡圣器_x%'
INFO:root:select distinct book_id from store 
INFO:root:select id from book 
                where id in ('27054104', '27055156', '27167519', '30294602', '2295163', '2297549', '26997048', '26997095', '26997273', '26997278') and title like '%撒%'
INFO:root:1
INFO:root:撒哈拉的故事
INFO:root:select distinct book_id from store 
INFO:root:select id from book 
                where id in ('27054104', '27055156', '27167519', '30294602', '2295163', '2297549', '26997048', '26997095', '26997273', '26997278', '1065239', '1071241', '1291200', '1382844', '1432596') and wrong like '%我%'
INFO:root:no such column: wrong
INFO:root:select distinct book_id from store  where store_id='test_search_store_id_aca12dc9-f30f-11ee-bcf9-4cd577f069e0'
INFO:root:select id from book 
                where id in ('36083713', '36291467') and title like '%信息技术（拓展模块）――计算机与移动终端维护+小型网络系统搭建+信息安全保护%'
INFO:root:select distinct book_id from store  where store_id='test_search_store_id_ac8b70bc-f30f-11ee-a8df-4cd577f069e0'
INFO:root:select id from book 
                where id in ('26352281', '26421123', '26587557') and title like '%信息技术（拓展模块）――计算机与移动终端维护+小型网络系统搭建+信息安全保护%'
INFO:root:哈利・波特与密室
INFO:root:select distinct book_id from store 
INFO:root:select id from book 
                where id in ('1039487', '1041007', '1060068', '1065239', '1071241') and title like '%哈利・波特与密室%'
INFO:root:select distinct book_id from store 
INFO:root:select id from book 
                where id in ('1039487', '1041007', '1060068', '1065239', '1071241', '27055156') and title like '%集创思维设计矩阵_x%'
INFO:root:select distinct book_id from store 
INFO:root:select id from book 
                where id in ('1039487', '1041007', '1060068', '1065239', '1071241', '27055156', '4818690', '4886100', '5394309') and title like '%用%'
INFO:root:1
INFO:root:用户体验面面观
INFO:root:select distinct book_id from store 
INFO:root:select id from book 
                where id in ('1039487', '1041007', '1060068', '1065239', '1071241', '27055156', '4818690', '4886100', '5394309', '35815898', '35863015', '36083713') and wrong like '%撒%'
INFO:root:no such column: wrong
INFO:root:select distinct book_id from store  where store_id='test_search_store_id_af69054d-f30f-11ee-b4aa-4cd577f069e0'
INFO:root:select id from book 
                where id in ('26854188') and title like '%罪恶生涯%'
INFO:root:select distinct book_id from store  where store_id='test_search_store_id_af4c6a01-f30f-11ee-b325-4cd577f069e0'
INFO:root:select id from book 
                where id in ('26997048', '26997095') and title like '%罪恶生涯%'
INFO:root:GUI设计禁忌2.0
INFO:root:select distinct book_id from store 
INFO:root:select id from book 
                where id in ('3263946', '33398314', '34802895', '35228043') and title like '%GUI设计禁忌2.0%'
INFO:root:select distinct book_id from store 
INFO:root:select id from book 
                where id in ('3263946', '33398314', '34802895', '35228043', '4818690', '4886100') and title like '%用户体验面面观_x%'
INFO:root:select distinct book_id from store 
INFO:root:select id from book 
                where id in ('3263946', '33398314', '34802895', '35228043', '4818690', '4886100', '3735576', '4719162') and title like '%我%'
INFO:root:1
INFO:root:我的宝贝
INFO:root:select distinct book_id from store 
INFO:root:select id from book 
                where id in ('3263946', '33398314', '34802895', '35228043', '4818690', '4886100', '3735576', '4719162', '1382844', '1432596', '1471702', '1793267', '2070844') and wrong like '%[%'
INFO:root:no such column: wrong
INFO:root:select distinct book_id from store  where store_id='test_search_store_id_ca4715fd-f313-11ee-90e8-4cd577f069e0'
INFO:root:select id from book 
                where id in ('35768338', '35815898', '35863015', '36083713', '36291467') and title like '%Vue.js设计与实现%'
INFO:root:select distinct book_id from store  where store_id='test_search_store_id_ca301cdd-f313-11ee-bc6d-4cd577f069e0'
INFO:root:select id from book 
                where id in ('25744600', '25840545', '25858031', '26126183') and title like '%Vue.js设计与实现%'
INFO:root:select distinct book_id from store  where store_id='test_search_store_id_ca7b3df6-f313-11ee-b8d9-4cd577f069e0'
INFO:root:select id from book 
                where id in ('35768338') and title like '%Vue.js设计与实现%'
INFO:root:select distinct book_id from store  where store_id='test_search_store_id_ca627d7d-f313-11ee-ad68-4cd577f069e0'
INFO:root:select id from book 
                where id in ('1793267', '2070844', '2295163', '2297549', '2298856') and title like '%Vue.js设计与实现%'
INFO:root:高性能网站建设进阶指南
INFO:root:select distinct book_id from store 
INFO:root:-1
INFO:root:select id from book 
                where id in ('4719162', '4818690') and title like '%高性能网站建设进阶指南%'
INFO:root:select distinct book_id from store 
INFO:root:-1
INFO:root:select id from book 
                where id in ('4719162', '4818690', '26631832', '26821023', '26854188', '26887355', '26995854') and title like '%哈利・波特与魔法石_x%'
INFO:root:select distinct book_id from store 
INFO:root:-1
INFO:root:select id from book 
                where id in ('4719162', '4818690', '26631832', '26821023', '26854188', '26887355', '26995854', '35610506', '35768338', '35815898', '35863015', '36083713') and title like '%哈%'
INFO:root:3
INFO:root:哈利・波特与魔法石
INFO:root:select distinct book_id from store 
INFO:root:-1
INFO:root:select id from book 
                where id in ('4719162', '4818690', '26631832', '26821023', '26854188', '26887355', '26995854', '35610506', '35768338', '35815898', '35863015', '36083713', '3735576', '4886100', '5394309') and wrong like '%我%'
INFO:root:no such column: wrong
INFO:root:select distinct book_id from store  where store_id='test_search_store_id_0b1c4bfb-f316-11ee-a67b-4cd577f069e0'
INFO:root:-1
INFO:root:select id from book 
                where id in ('26854188', '26887355', '26995854') and title like '%罪恶生涯%'
INFO:root:select distinct book_id from store  where store_id='test_search_store_id_0b05cdff-f316-11ee-a769-4cd577f069e0'
INFO:root:-1
INFO:root:select id from book 
                where id in ('36083713', '36291467', '36575754') and title like '%罪恶生涯%'
INFO:root:select distinct book_id from store  where store_id='test_search_store_id_0b5de64b-f316-11ee-a086-4cd577f069e0'
INFO:root:-1
INFO:root:select id from book 
                where id in ('6558708') and title like '%稻草人手记%'
INFO:root:select distinct book_id from store  where store_id='test_search_store_id_0b3624c6-f316-11ee-8c96-4cd577f069e0'
INFO:root:-1
INFO:root:select id from book 
                where id in ('26997048', '26997095', '26997273', '26997278') and title like '%稻草人手记%'
INFO:root:三毛流浪记（彩图注音读物）
INFO:root:-1
INFO:root:-1
INFO:root:-1
INFO:root:2
INFO:root:用户体验面面观
INFO:root:-1
INFO:root:no such column: wrong
INFO:root:-1
INFO:root:-1
INFO:root:-1
INFO:root:-1
INFO:root:Harry Potter and the Half-Blood Prince
INFO:root:-1
INFO:root:-1
INFO:root:-1
INFO:root:0
INFO:root:滚滚红尘
INFO:root:-1
INFO:root:-1
INFO:root:-1
INFO:root:哈利・波特与混血王子
INFO:root:-1
INFO:root:-1
INFO:root:-1
INFO:root:1
INFO:root:亿级流量网站架构核心技术
INFO:root:-1
INFO:root:no such column: wrong
INFO:root:-1
INFO:root:-1
INFO:root:-1
INFO:root:-1
INFO:root:撒哈拉的故事
INFO:root:-1
INFO:root:[('26997048',), ('26997095',), ('26997273',), ('26997278',), ('26997307',)]
INFO:root:-1
INFO:root:[('26997048',), ('26997095',), ('26997273',), ('26997278',), ('26997307',), ('26999243',), ('27031824',), ('27054104',)]
INFO:root:-1
INFO:root:[('26997048',), ('26997095',), ('26997273',), ('26997278',), ('26997307',), ('26999243',), ('27031824',), ('27054104',), ('1432596',), ('1471702',)]
INFO:root:2
INFO:root:哈利・波特与混血王子
INFO:root:-1
INFO:root:[('26997048',), ('26997095',), ('26997273',), ('26997278',), ('26997307',), ('26999243',), ('27031824',), ('27054104',), ('1432596',), ('1471702',), ('3735576',)]
INFO:root:no such column: wrong
INFO:root:-1
INFO:root:[('26587557',), ('26608213',), ('26613320',), ('26631832',), ('26821023',)]
INFO:root:-1
INFO:root:[('26608213',)]
INFO:root:-1
INFO:root:[('4886100',)]
INFO:root:-1
INFO:root:[('26631832',), ('26821023',), ('26854188',)]
INFO:root:哈利・波特与魔法石
INFO:root:-1
INFO:root:[('30294602',), ('30308605',)]
INFO:root:-1
INFO:root:[('30294602',), ('30308605',), ('26997273',)]
INFO:root:-1
INFO:root:[('30294602',), ('30308605',), ('26997273',), ('1065239',), ('1071241',)]
INFO:root:2
INFO:root:我的宝贝
INFO:root:-1
INFO:root:[('30294602',), ('30308605',), ('26997273',), ('1065239',), ('1071241',), ('2298856',)]
INFO:root:no such column: wrong
INFO:root:-1
INFO:root:[('25744600',), ('25840545',), ('25858031',), ('26126183',), ('26268767',)]
INFO:root:-1
INFO:root:[('1041007',), ('1060068',)]
INFO:root:-1
INFO:root:[('26613320',)]
INFO:root:-1
INFO:root:[('35863015',), ('36083713',), ('36291467',), ('36575754',), ('36780697',)]
INFO:root:-1
INFO:root:[]
INFO:root:花路
INFO:root:-1
INFO:root:-1
INFO:root:-1
INFO:root:-1
INFO:root:-1
INFO:root:-1
INFO:root:-1
INFO:root:用户体验面面观
INFO:root:-1
INFO:root:-1
INFO:root:-1
INFO:root:-1
INFO:root:-1
INFO:root:-1
INFO:root:-1
INFO:root:伊卡格
INFO:root:-1
INFO:root:[('35228043',), ('35273228',), ('35582002',)]
INFO:root:-1
INFO:root:[('35228043',), ('35273228',), ('35582002',), ('30294602',)]
INFO:root:-1
INFO:root:[('35228043',), ('35273228',), ('35582002',), ('30294602',), ('26421123',), ('26587557',), ('26608213',), ('26613320',), ('26631832',)]
INFO:root:1
INFO:root:Java Web编程实战宝典
INFO:root:-1
INFO:root:[('35228043',), ('35273228',), ('35582002',), ('30294602',), ('26421123',), ('26587557',), ('26608213',), ('26613320',), ('26631832',), ('26126183',)]
INFO:root:no such column: wrong
INFO:root:-1
INFO:root:[('33398314',)]
INFO:root:-1
INFO:root:[('35768338',), ('35815898',), ('35863015',), ('36083713',)]
INFO:root:-1
INFO:root:[('35228043',)]
INFO:root:-1
INFO:root:[('3140670',), ('31870749',), ('3263946',), ('33398314',), ('34802895',)]
INFO:root:-1
INFO:root:[]
INFO:root:unrecognized token: "11ee"
INFO:root:no such table: history_order_info
INFO:root:ambiguous column name: order_id
INFO:root:ambiguous column name: store_id
INFO:root:ambiguous column name: book_id
INFO:root:[['test_search_buyer_id_9816e281-f327-11ee-a92c-4cd577f069e0_test_search_store_id_9816e280-f327-11ee-89c4-4cd577f069e0_98245556-f327-11ee-aa45-4cd577f069e0', 'test_search_store_id_9816e280-f327-11ee-89c4-4cd577f069e0', 'wait for delivery', '1712306187', '35863015', 22, 1000]]
INFO:root:[['test_search_buyer_id_33a610b8-f328-11ee-a904-4cd577f069e0_test_search_store_id_33a610b7-f328-11ee-b441-4cd577f069e0_33ba3102-f328-11ee-95d3-4cd577f069e0', 'test_search_store_id_33a610b7-f328-11ee-b441-4cd577f069e0', 'wait for delivery', '1712306448', '3735576', 26, 2800], ['test_search_buyer_id_33a610b8-f328-11ee-a904-4cd577f069e0_test_search_store_id_33a610b7-f328-11ee-b441-4cd577f069e0_33ba3102-f328-11ee-95d3-4cd577f069e0', 'test_search_store_id_33a610b7-f328-11ee-b441-4cd577f069e0', 'wait for delivery', '1712306448', '4719162', 9, 4980]]
