ERROR:root:table tags already exists
ERROR:root:table book already exists
ERROR:root:table progress already exists
ERROR:root:table tags already exists
ERROR:root:table book already exists
ERROR:root:table progress already exists
ERROR:root:table tags already exists
ERROR:root:table book already exists
ERROR:root:table progress already exists
ERROR:root:table tags already exists
ERROR:root:table book already exists
ERROR:root:table progress already exists
ERROR:root:table tags already exists
ERROR:root:table book already exists
ERROR:root:table progress already exists
ERROR:root:table tags already exists
ERROR:root:table book already exists
ERROR:root:table progress already exists
ERROR:root:table tags already exists
ERROR:root:table book already exists
ERROR:root:table progress already exists
ERROR:root:table tags already exists
ERROR:root:table book already exists
ERROR:root:table progress already exists
ERROR:root:table tags already exists
ERROR:root:table book already exists
ERROR:root:table progress already exists
ERROR:root:table tags already exists
ERROR:root:table book already exists
ERROR:root:table progress already exists
ERROR:root:table tags already exists
ERROR:root:table book already exists
ERROR:root:table progress already exists
ERROR:root:table tags already exists
ERROR:root:table book already exists
ERROR:root:table progress already exists
ERROR:root:table tags already exists
ERROR:root:table book already exists
ERROR:root:table progress already exists
ERROR:root:table tags already exists
ERROR:root:table book already exists
ERROR:root:table progress already exists
ERROR:root:table tags already exists
ERROR:root:table book already exists
ERROR:root:table progress already exists
ERROR:root:table tags already exists
ERROR:root:table book already exists
ERROR:root:table progress already exists
ERROR:root:table tags already exists
ERROR:root:table book already exists
ERROR:root:table progress already exists
ERROR:root:table tags already exists
ERROR:root:table book already exists
ERROR:root:table progress already exists
ERROR:root:table tags already exists
ERROR:root:table book already exists
ERROR:root:table progress already exists
ERROR:root:table tags already exists
ERROR:root:table book already exists
ERROR:root:table progress already exists
ERROR:root:table tags already exists
ERROR:root:table book already exists
ERROR:root:table progress already exists
ERROR:root:table tags already exists
ERROR:root:table book already exists
ERROR:root:table progress already exists
ERROR:root:table tags already exists
ERROR:root:table book already exists
ERROR:root:table progress already exists
ERROR:root:table tags already exists
ERROR:root:table book already exists
ERROR:root:table progress already exists
ERROR:root:table tags already exists
ERROR:root:table book already exists
ERROR:root:table progress already exists
ERROR:root:table tags already exists
ERROR:root:table book already exists
ERROR:root:table progress already exists
ERROR:root:table tags already exists
ERROR:root:table book already exists
ERROR:root:table progress already exists
ERROR:root:table tags already exists
ERROR:root:table book already exists
ERROR:root:table progress already exists
ERROR:root:table tags already exists
ERROR:root:table book already exists
ERROR:root:table progress already exists
ERROR:root:table tags already exists
ERROR:root:table book already exists
ERROR:root:table progress already exists
ERROR:root:table tags already exists
ERROR:root:table book already exists
ERROR:root:table progress already exists
ERROR:root:error when scrape 26995850, 
ERROR:root:None
ERROR:root:error when scrape 26997185, 
ERROR:root:None
ERROR:root:error when scrape 26997134, 
ERROR:root:None
ERROR:root:error when scrape 3698398, 
ERROR:root:None
ERROR:root:error when scrape 26995855, 
ERROR:root:None
ERROR:root:error when scrape 2068249, 
ERROR:root:None
ERROR:root:error when scrape 6558706, 
ERROR:root:None
ERROR:root:table tags already exists
ERROR:root:table book already exists
ERROR:root:table progress already exists
ERROR:root:UNIQUE constraint failed: tags.tag
ERROR:root:error when scrape 2137632, 
ERROR:root:None
ERROR:root:error when scrape 36660651, 
ERROR:root:None
ERROR:root:error when scrape 20283313, 
ERROR:root:None
ERROR:root:error when scrape 1382836, 
ERROR:root:None
ERROR:root:error when scrape 33412495, 
ERROR:root:None
ERROR:root:error when scrape 6730551, 
ERROR:root:None
ERROR:root:error when scrape 6737338, 
ERROR:root:None
ERROR:root:error when scrape 34475195, 
ERROR:root:None
ERROR:root:error when scrape 36413813, 
ERROR:root:None
ERROR:root:error when scrape 5026754, 
ERROR:root:None
ERROR:root:error when scrape 3723589, 
ERROR:root:None
ERROR:root:error when scrape 3673671, 
ERROR:root:None
ERROR:root:error when scrape 1036490, 
ERROR:root:None
ERROR:root:error when scrape 3607117, 
ERROR:root:None
ERROR:root:error when scrape 6815824, 
ERROR:root:None
ERROR:root:error when scrape 1128376, 
ERROR:root:None
